New log file opened at Mon Jul 06 21:35:55 EEST 2015 by 10096@arturfif
Taking next connection to: 24307
New client attempting to connect on port: 24308-24307
  Address = /192.168.56.1:24307
This client on port 24308 has uuid 41f7a8f0-1ecb-4f37-88b5-24efe1b2859d configName activator humanReadableName Activator protocolVersion 3 featureTags Vector()
Connected Clients: activator-41f7a8f0-1ecb-4f37-88b5-24efe1b2859d
Taking next connection to: 24307
New client attempting to connect on port: 24310-24307
  Address = /192.168.56.1:24307
Handshake exception on socket: 24310
sbt.impl.ipc.HandshakeException: Unable to perform handshake
	at sbt.impl.ipc.Peer.handshake(IPC.scala:46)
	at sbt.impl.ipc.MultiClientServer.<init>(IPC.scala:150)
	at sbt.server.SbtServerSocketHandler$$anon$1.run(SbtServerSocketHandler.scala:43)
Caused by: java.net.SocketException: Software caused connection abort: recv failed
	at java.net.SocketInputStream.socketRead0(Native Method)
	at java.net.SocketInputStream.socketRead(SocketInputStream.java:116)
	at java.net.SocketInputStream.read(SocketInputStream.java:170)
	at java.net.SocketInputStream.read(SocketInputStream.java:141)
	at java.io.BufferedInputStream.fill(BufferedInputStream.java:246)
	at java.io.BufferedInputStream.read(BufferedInputStream.java:265)
	at java.io.DataInputStream.readInt(DataInputStream.java:387)
	at sbt.impl.ipc.Peer.receive(IPC.scala:95)
	at sbt.impl.ipc.Peer.handshake(IPC.scala:49)
	... 2 more
Taking next connection to: 24307
New client attempting to connect on port: 24311-24307
  Address = /192.168.56.1:24307
This client on port 24311 has uuid 23b912ca-5894-463b-9c0f-4ba42bfaf179 configName activator humanReadableName Activator protocolVersion 3 featureTags Vector()
Connected Clients: activator-23b912ca-5894-463b-9c0f-4ba42bfaf179
Taking next connection to: 24307
New client attempting to connect on port: 24315-24307
  Address = /192.168.56.1:24307
Handshake exception on socket: 24315
sbt.impl.ipc.HandshakeException: Unable to perform handshake
	at sbt.impl.ipc.Peer.handshake(IPC.scala:46)
	at sbt.impl.ipc.MultiClientServer.<init>(IPC.scala:150)
	at sbt.server.SbtServerSocketHandler$$anon$1.run(SbtServerSocketHandler.scala:43)
Caused by: java.net.SocketException: Software caused connection abort: recv failed
	at java.net.SocketInputStream.socketRead0(Native Method)
	at java.net.SocketInputStream.socketRead(SocketInputStream.java:116)
	at java.net.SocketInputStream.read(SocketInputStream.java:170)
	at java.net.SocketInputStream.read(SocketInputStream.java:141)
	at java.io.BufferedInputStream.fill(BufferedInputStream.java:246)
	at java.io.BufferedInputStream.read(BufferedInputStream.java:265)
	at java.io.DataInputStream.readInt(DataInputStream.java:387)
	at sbt.impl.ipc.Peer.receive(IPC.scala:95)
	at sbt.impl.ipc.Peer.handshake(IPC.scala:49)
	... 2 more
Taking next connection to: 24307
New client attempting to connect on port: 24316-24307
  Address = /192.168.56.1:24307
This client on port 24316 has uuid 9656fab2-af2d-48ad-a8b0-cfcceb0dcfcb configName activator humanReadableName Activator protocolVersion 3 featureTags Vector()
Connected Clients: activator-23b912ca-5894-463b-9c0f-4ba42bfaf179, activator-9656fab2-af2d-48ad-a8b0-cfcceb0dcfcb
Taking next connection to: 24307
Server socket closed java.net.SocketException: Socket operation on nonsocket: configureBlocking
Server socket thread exiting.
1 clients open, will close them...
All client sockets have been closed.
Closing the 10096@arturfif logs at Mon Jul 06 21:37:05 EEST 2015, goodbye.
